\BOOKMARK [1][-]{section.1}{Communication System}{}% 1
\BOOKMARK [2][-]{subsection.1.1}{overview}{section.1}% 2
\BOOKMARK [2][-]{subsection.1.2}{Transmitter Model}{section.1}% 3
\BOOKMARK [2][-]{subsection.1.3}{Fiber model}{section.1}% 4
\BOOKMARK [3][-]{subsubsection.1.3.1}{Nonlinear Schrodinger equation model \(NLSE\)}{subsection.1.3}% 5
\BOOKMARK [3][-]{subsubsection.1.3.2}{Couple Nonlinear Schrodinger Equation model \(CNLSE\)}{subsection.1.3}% 6
\BOOKMARK [3][-]{subsubsection.1.3.3}{Split Step Fourier Method}{subsection.1.3}% 7
\BOOKMARK [2][-]{subsection.1.4}{Receiver Model}{section.1}% 8
\BOOKMARK [1][-]{section.2}{Method:Digital back propagation}{}% 9
\BOOKMARK [2][-]{subsection.2.1}{Dispersion only DBP \(DO-DBP\)}{section.2}% 10
\BOOKMARK [2][-]{subsection.2.2}{Single channel DBP \(SC-DBP\)}{section.2}% 11
\BOOKMARK [2][-]{subsection.2.3}{Neural Network DBP \(NN-DBP\)}{section.2}% 12
\BOOKMARK [2][-]{subsection.2.4}{Meta-1 DBP}{section.2}% 13
\BOOKMARK [2][-]{subsection.2.5}{Meta-2 DBP}{section.2}% 14
\BOOKMARK [2][-]{subsection.2.6}{Meta-3 DBP}{section.2}% 15
\BOOKMARK [1][-]{section.3}{Experiments result}{}% 16
\BOOKMARK [1][-]{section.4}{Future work}{}% 17
\BOOKMARK [1][-]{section.5}{Digital Signal Processing Basics}{}% 18
\BOOKMARK [2][-]{subsection.5.1}{Polarization model dispersion}{section.5}% 19
\BOOKMARK [2][-]{subsection.5.2}{Coherent detection}{section.5}% 20
\BOOKMARK [2][-]{subsection.5.3}{Adaptive filter theory}{section.5}% 21
\BOOKMARK [1][-]{section.6}{Jax Programming}{}% 22
